[32m2024-07-17 17:44:48 +0200[0m - dagster - [34mDEBUG[0m - __ASSET_JOB - a619c53a-095a-4120-a3df-202d161a3d3f - 8845 - LOGS_CAPTURED - Started capturing logs in process (pid: 8845).
[32m2024-07-17 17:44:48 +0200[0m - dagster - [34mDEBUG[0m - __ASSET_JOB - a619c53a-095a-4120-a3df-202d161a3d3f - 8845 - trips_by_week - STEP_START - Started execution of step "trips_by_week".
[32m2024-07-17 17:44:48 +0200[0m - dagster - [34mERROR[0m - [31m__ASSET_JOB - a619c53a-095a-4120-a3df-202d161a3d3f - 8845 - trips_by_week - STEP_FAILURE - Execution of step "trips_by_week" failed.

dagster._core.errors.DagsterExecutionStepExecutionError: Error occurred while executing op "trips_by_week"::

duckdb.duckdb.CatalogException: Catalog Error: Scalar Function with name date_truc does not exist!
Did you mean "date_trunc"?
LINE 5:         where date_truc('week', pickup_datetime) = date_trunc('week', '2023-03-01'::date)
        ...
                      ^

Stack Trace:
  File "/Users/akiwacky/Desktop/Projects/dagster_starter/venv/lib/python3.11/site-packages/dagster/_core/execution/plan/utils.py", line 54, in op_execution_error_boundary
    yield
  File "/Users/akiwacky/Desktop/Projects/dagster_starter/venv/lib/python3.11/site-packages/dagster/_utils/__init__.py", line 468, in iterate_with_context
    next_output = next(iterator)
                  ^^^^^^^^^^^^^^
  File "/Users/akiwacky/Desktop/Projects/dagster_starter/venv/lib/python3.11/site-packages/dagster/_core/execution/plan/compute_generator.py", line 141, in _coerce_op_compute_fn_to_iterator
    result = invoke_compute_fn(
             ^^^^^^^^^^^^^^^^^^
  File "/Users/akiwacky/Desktop/Projects/dagster_starter/venv/lib/python3.11/site-packages/dagster/_core/execution/plan/compute_generator.py", line 129, in invoke_compute_fn
    return fn(context, **args_to_pass) if context_arg_provided else fn(**args_to_pass)
                                                                    ^^^^^^^^^^^^^^^^^^
  File "/Users/akiwacky/Desktop/Projects/dagster_starter/dagster_university/dagster_university/assets/metrics.py", line 77, in trips_by_week
    data_for_week = conn.execute(query).fetch_df()
                    ^^^^^^^^^^^^^^^^^^^
[0m
